<?xml version="1.0" encoding="UTF-8"?>
<testsuite xmlns:xsi="http://www.w3.org/2001/XMLSchema-instance" xsi:noNamespaceSchemaLocation="https://maven.apache.org/surefire/maven-surefire-plugin/xsd/surefire-test-report-3.0.xsd" version="3.0" name="Model.GestionProjetsTest" time="0.016" tests="2" errors="0" skipped="0" failures="0">
  <properties>
    <property name="java.specification.version" value="23"/>
    <property name="sun.jnu.encoding" value="UTF-8"/>
    <property name="java.class.path" value="/home/asp3rity/Repositories/2255studs/TP3-Grp44-IFT2255/target/test-classes:/home/asp3rity/Repositories/2255studs/TP3-Grp44-IFT2255/target/classes:/home/asp3rity/.m2/repository/junit/junit/4.13.2/junit-4.13.2.jar:/home/asp3rity/.m2/repository/org/hamcrest/hamcrest-core/1.3/hamcrest-core-1.3.jar:/home/asp3rity/.m2/repository/org/json/json/20210307/json-20210307.jar:/home/asp3rity/.m2/repository/org/mockito/mockito-core/5.3.0/mockito-core-5.3.0.jar:/home/asp3rity/.m2/repository/net/bytebuddy/byte-buddy/1.14.4/byte-buddy-1.14.4.jar:/home/asp3rity/.m2/repository/net/bytebuddy/byte-buddy-agent/1.14.4/byte-buddy-agent-1.14.4.jar:/home/asp3rity/.m2/repository/org/objenesis/objenesis/3.3/objenesis-3.3.jar:/home/asp3rity/.m2/repository/com/fasterxml/jackson/core/jackson-databind/2.15.0/jackson-databind-2.15.0.jar:/home/asp3rity/.m2/repository/com/fasterxml/jackson/core/jackson-annotations/2.15.0/jackson-annotations-2.15.0.jar:/home/asp3rity/.m2/repository/com/fasterxml/jackson/core/jackson-core/2.15.0/jackson-core-2.15.0.jar:"/>
    <property name="java.vm.vendor" value="Oracle Corporation"/>
    <property name="sun.arch.data.model" value="64"/>
    <property name="java.vendor.url" value="https://java.oracle.com/"/>
    <property name="os.name" value="Linux"/>
    <property name="java.vm.specification.version" value="23"/>
    <property name="sun.java.launcher" value="SUN_STANDARD"/>
    <property name="user.country" value="US"/>
    <property name="sun.boot.library.path" value="/home/asp3rity/Dev/jdk-23.0.1/lib"/>
    <property name="sun.java.command" value="/home/asp3rity/Repositories/2255studs/TP3-Grp44-IFT2255/target/surefire/surefirebooter3111306840879986205.jar /home/asp3rity/Repositories/2255studs/TP3-Grp44-IFT2255/target/surefire 2025-01-05T13-20-17_178-jvmRun1 surefire2861254618080025941tmp surefire_05432925203456521528tmp"/>
    <property name="jdk.debug" value="release"/>
    <property name="surefire.test.class.path" value="/home/asp3rity/Repositories/2255studs/TP3-Grp44-IFT2255/target/test-classes:/home/asp3rity/Repositories/2255studs/TP3-Grp44-IFT2255/target/classes:/home/asp3rity/.m2/repository/junit/junit/4.13.2/junit-4.13.2.jar:/home/asp3rity/.m2/repository/org/hamcrest/hamcrest-core/1.3/hamcrest-core-1.3.jar:/home/asp3rity/.m2/repository/org/json/json/20210307/json-20210307.jar:/home/asp3rity/.m2/repository/org/mockito/mockito-core/5.3.0/mockito-core-5.3.0.jar:/home/asp3rity/.m2/repository/net/bytebuddy/byte-buddy/1.14.4/byte-buddy-1.14.4.jar:/home/asp3rity/.m2/repository/net/bytebuddy/byte-buddy-agent/1.14.4/byte-buddy-agent-1.14.4.jar:/home/asp3rity/.m2/repository/org/objenesis/objenesis/3.3/objenesis-3.3.jar:/home/asp3rity/.m2/repository/com/fasterxml/jackson/core/jackson-databind/2.15.0/jackson-databind-2.15.0.jar:/home/asp3rity/.m2/repository/com/fasterxml/jackson/core/jackson-annotations/2.15.0/jackson-annotations-2.15.0.jar:/home/asp3rity/.m2/repository/com/fasterxml/jackson/core/jackson-core/2.15.0/jackson-core-2.15.0.jar:"/>
    <property name="sun.cpu.endian" value="little"/>
    <property name="user.home" value="/home/asp3rity"/>
    <property name="user.language" value="en"/>
    <property name="java.specification.vendor" value="Oracle Corporation"/>
    <property name="java.version.date" value="2024-10-15"/>
    <property name="java.home" value="/home/asp3rity/Dev/jdk-23.0.1"/>
    <property name="file.separator" value="/"/>
    <property name="basedir" value="/home/asp3rity/Repositories/2255studs/TP3-Grp44-IFT2255"/>
    <property name="java.vm.compressedOopsMode" value="Zero based"/>
    <property name="line.separator" value="&#10;"/>
    <property name="java.specification.name" value="Java Platform API Specification"/>
    <property name="java.vm.specification.vendor" value="Oracle Corporation"/>
    <property name="surefire.real.class.path" value="/home/asp3rity/Repositories/2255studs/TP3-Grp44-IFT2255/target/surefire/surefirebooter3111306840879986205.jar"/>
    <property name="sun.management.compiler" value="HotSpot 64-Bit Tiered Compilers"/>
    <property name="java.runtime.version" value="23.0.1+11-39"/>
    <property name="user.name" value="asp3rity"/>
    <property name="stdout.encoding" value="UTF-8"/>
    <property name="path.separator" value=":"/>
    <property name="os.version" value="6.8.0-51-generic"/>
    <property name="java.runtime.name" value="Java(TM) SE Runtime Environment"/>
    <property name="file.encoding" value="UTF-8"/>
    <property name="java.vm.name" value="Java HotSpot(TM) 64-Bit Server VM"/>
    <property name="localRepository" value="/home/asp3rity/.m2/repository"/>
    <property name="java.vendor.url.bug" value="https://bugreport.java.com/bugreport/"/>
    <property name="java.io.tmpdir" value="/tmp"/>
    <property name="java.version" value="23.0.1"/>
    <property name="user.dir" value="/home/asp3rity/Repositories/2255studs/TP3-Grp44-IFT2255"/>
    <property name="os.arch" value="amd64"/>
    <property name="java.vm.specification.name" value="Java Virtual Machine Specification"/>
    <property name="native.encoding" value="UTF-8"/>
    <property name="java.library.path" value="/usr/java/packages/lib:/usr/lib64:/lib64:/lib:/usr/lib"/>
    <property name="java.vm.info" value="mixed mode, sharing"/>
    <property name="stderr.encoding" value="UTF-8"/>
    <property name="java.vendor" value="Oracle Corporation"/>
    <property name="java.vm.version" value="23.0.1+11-39"/>
    <property name="sun.io.unicode.encoding" value="UnicodeLittle"/>
    <property name="java.class.version" value="67.0"/>
  </properties>
  <testcase name="testGetProjetsAvenirProchains3Mois_ProjetValide" classname="Model.GestionProjetsTest" time="0.012"/>
  <testcase name="testSauvegarderEtChargerProjet" classname="Model.GestionProjetsTest" time="0.002"/>
</testsuite>